<?xml version="1.0" encoding="UTF-8"?>
<!-- Generated by org.testng.reporters.JUnitReportReporter -->
<testsuite hostname="DESKTOP-9E9MS69" failures="0" tests="2" name="com.codenboxautomationlab.testcases.SignupTest" time="14.896" errors="0" timestamp="2024-08-26T13:11:14 EEST" skipped="0">
  <testcase classname="com.codenboxautomationlab.testcases.SignupTest" name="VerifyThatUserCanRegisterUsingCorrectData" time="6.642"/>
  <testcase classname="com.codenboxautomationlab.testcases.SignupTest" name="VerifyThatUserCanNavigateToRegistrationPageSuccessfully" time="8.254"/>
</testsuite> <!-- com.codenboxautomationlab.testcases.SignupTest -->
